This is pdfTeX, Version 3.14159265-2.6-1.40.20 (TeX Live 2019/Arch Linux) (preloaded format=pdflatex 2019.6.20)  25 JUN 2019 18:00
entering extended mode
 restricted \write18 enabled.
 %&-line parsing enabled.
**relatorio.tex
(./relatorio.tex
LaTeX2e <2018-12-01>
(/usr/share/texmf-dist/tex/latex/abntex2/abntex2.cls
Document Class: abntex2 2016/02/26 v-1.9.6 abnTeX2
(/usr/share/texmf-dist/tex/latex/base/ifthen.sty
Package: ifthen 2014/09/29 v1.1c Standard LaTeX ifthen package (DPC)
)
(/usr/share/texmf-dist/tex/latex/memoir/memoir.cls
Document Class: memoir 2018/12/12 v3.7h configurable book, report, article docu
ment class
\onelineskip=\skip41
\lxvchars=\skip42
\xlvchars=\skip43
\@memcnta=\count80
\c@@memmarkcntra=\count81
(/usr/share/texmf-dist/tex/generic/oberdiek/ifpdf.sty
Package: ifpdf 2018/09/07 v3.3 Provides the ifpdf switch
)
(/usr/share/texmf-dist/tex/latex/ifetex/ifetex.sty
Package: ifetex 2018/03/31 v1.2a ifetex

(/usr/share/texmf-dist/tex/plain/ifetex/ifetex.tex))
(/usr/share/texmf-dist/tex/generic/ifxetex/ifxetex.sty
Package: ifxetex 2010/09/12 v0.6 Provides ifxetex conditional
)
(/usr/share/texmf-dist/tex/generic/oberdiek/ifluatex.sty
Package: ifluatex 2016/05/16 v1.4 Provides the ifluatex switch (HO)
Package ifluatex Info: LuaTeX not detected.
)
\stockheight=\skip44
\stockwidth=\skip45
\trimtop=\skip46
\trimedge=\skip47

(/usr/share/texmf-dist/tex/latex/memoir/mem12.clo
File: mem12.clo 2010/10/19 v0.4b memoir class 12pt size option
)
\binding=\skip48
\spinemargin=\skip49
\foremargin=\skip50
\uppermargin=\skip51
\lowermargin=\skip52
\headdrop=\skip53
\normalrulethickness=\skip54
\mem@maxheadheight=\skip55
\mem@maxfootheight=\skip56
\headwidth=\skip57
\c@storedpagenumber=\count82
\memPD=\dimen102
\m@mabparskip=\skip58
\thanksmarkwidth=\skip59
\thanksmarksep=\skip60
\droptitle=\skip61
\c@book=\count83
\c@part=\count84
\c@chapter=\count85
\c@section=\count86
\c@subsection=\count87
\c@subsubsection=\count88
\c@paragraph=\count89
\c@subparagraph=\count90
\beforechapskip=\skip62
\midchapskip=\skip63
\afterchapskip=\skip64
\chapindent=\skip65
\bottomsectionskip=\skip66
\secindent=\skip67
\beforesecskip=\skip68
\aftersecskip=\skip69
\subsecindent=\skip70
\beforesubsecskip=\skip71
\aftersubsecskip=\skip72
\subsubsecindent=\skip73
\beforesubsubsecskip=\skip74
\aftersubsubsecskip=\skip75
\paraindent=\skip76
\beforeparaskip=\skip77
\afterparaskip=\skip78
\subparaindent=\skip79
\beforesubparaskip=\skip80
\aftersubparaskip=\skip81
\pfbreakskip=\skip82
\c@@ppsavesec=\count91
\c@@ppsaveapp=\count92
\ragrparindent=\dimen103
\everylistparindent=\dimen104
\parsepi=\skip83
\topsepi=\skip84
\itemsepi=\skip85
\parsepii=\skip86
\topsepii=\skip87
\topsepiii=\skip88
\itemsepii=\skip89
\itemsepiii=\skip90
\partopsepii=\skip91
\partopsepiii=\skip92
\m@msavetopsep=\skip93
\m@msavepartopsep=\skip94
\@enLab=\toks14
\abstitleskip=\skip95
\absleftindent=\skip96
\abs@leftindent=\dimen105
\absrightindent=\skip97
\absparindent=\skip98
\absparsep=\skip99
\c@vslineno=\count93
\c@poemline=\count94
\c@modulo@vs=\count95
\c@memfvsline=\count96
\vleftskip=\skip100
\vrightskip=\skip101
\stanzaskip=\skip102
\versewidth=\skip103
\vgap=\skip104
\vindent=\skip105
\vleftmargin=\dimen106
\c@verse=\count97
\c@chrsinstr=\count98
\beforepoemtitleskip=\skip106
\afterpoemtitleskip=\skip107
\c@poem=\count99
\beforePoemTitleskip=\skip108
\midPoemTitleskip=\skip109
\afterPoemTitleskip=\skip110

(/usr/share/texmf-dist/tex/latex/tools/array.sty
Package: array 2018/12/30 v2.4k Tabular extension package (FMi)
\col@sep=\dimen107
\ar@mcellbox=\box27
\extrarowheight=\dimen108
\NC@list=\toks15
\extratabsurround=\skip111
\backup@length=\skip112
\ar@cellbox=\box28
)
(/usr/share/texmf-dist/tex/latex/tools/dcolumn.sty
Package: dcolumn 2014/10/28 v1.06 decimal alignment package (DPC)
)
(/usr/share/texmf-dist/tex/latex/tools/delarray.sty
Package: delarray 2014/10/28 v1.01 array delimiter package (DPC)
)
(/usr/share/texmf-dist/tex/latex/tools/tabularx.sty
Package: tabularx 2016/02/03 v2.11b `tabularx' package (DPC)
\TX@col@width=\dimen109
\TX@old@table=\dimen110
\TX@old@col=\dimen111
\TX@target=\dimen112
\TX@delta=\dimen113
\TX@cols=\count100
\TX@ftn=\toks16
)
\heavyrulewidth=\dimen114
\lightrulewidth=\dimen115
\cmidrulewidth=\dimen116
\belowrulesep=\dimen117
\belowbottomsep=\dimen118
\aboverulesep=\dimen119
\abovetopsep=\dimen120
\cmidrulesep=\dimen121
\cmidrulekern=\dimen122
\defaultaddspace=\dimen123
\@cmidla=\count101
\@cmidlb=\count102
\@aboverulesep=\dimen124
\@belowrulesep=\dimen125
\@thisruleclass=\count103
\@lastruleclass=\count104
\@thisrulewidth=\dimen126
\ctableftskip=\skip113
\ctabrightskip=\skip114
\abovecolumnspenalty=\count105
\@linestogo=\count106
\@cellstogo=\count107
\@cellsincolumn=\count108
\crtok=\toks17
\@mincolumnwidth=\dimen127
\c@newflo@tctr=\count109
\mem@margin@floatbox=\box29
\@contcwidth=\skip115
\@contindw=\skip116
\abovecaptionskip=\skip117
\belowcaptionskip=\skip118
\subfloattopskip=\skip119
\subfloatcapskip=\skip120
\subfloatcaptopadj=\skip121
\subfloatbottomskip=\skip122
\subfloatlabelskip=\skip123
\subfloatcapmargin=\dimen128
\c@@contsubnum=\count110
\m@mscap@capbox=\box30
\m@mscap@fbox=\box31
\sidecapsep=\dimen129
\sidecapwidth=\dimen130
\m@m@tempdima=\dimen131
\m@mscapraise=\dimen132
\sidecapraise=\dimen133
\m@mscapmainwidth=\dimen134
\m@mscaplkern=\dimen135
\beforeepigraphskip=\skip124
\afterepigraphskip=\skip125
\epigraphwidth=\skip126
\epigraphrule=\skip127
LaTeX Info: Redefining \em on input line 7592.
LaTeX Info: Redefining \emph on input line 7600.
\tocentryskip=\skip128
\tocbaseline=\skip129
\cftparskip=\skip130
\cftbeforebookskip=\skip131
\cftbookindent=\dimen136
\cftbooknumwidth=\dimen137
\cftbeforepartskip=\skip132
\cftpartindent=\skip133
\cftpartnumwidth=\skip134
\cftbeforechapterskip=\skip135
\cftchapterindent=\skip136
\cftchapternumwidth=\skip137
\cftbeforesectionskip=\skip138
\cftsectionindent=\skip139
\cftsectionnumwidth=\skip140
\cftbeforesubsectionskip=\skip141
\cftsubsectionindent=\skip142
\cftsubsectionnumwidth=\skip143
\cftbeforesubsubsectionskip=\skip144
\cftsubsubsectionindent=\skip145
\cftsubsubsectionnumwidth=\skip146
\cftbeforeparagraphskip=\skip147
\cftparagraphindent=\skip148
\cftparagraphnumwidth=\skip149
\cftbeforesubparagraphskip=\skip150
\cftsubparagraphindent=\skip151
\cftsubparagraphnumwidth=\skip152
\prechapterprecisshift=\dimen138
\c@maxsecnumdepth=\count111
\bibindent=\dimen139
\bibitemsep=\skip153
\indexcolsep=\skip154
\indexrule=\skip155
\indexmarkstyle=\toks18
\@indexbox=\insert199
\glossarycolsep=\dimen140
\glossaryrule=\dimen141
\sideparvshift=\skip156
\sideins=\insert198
\sidebartopsep=\skip157
\sidebarhsep=\skip158
\sidebarvsep=\skip159
\sidebarwidth=\skip160
\footmarkwidth=\skip161
\footmarksep=\skip162
\footparindent=\skip163
\footinsdim=\skip164
\footinsv@r=\insert197
\@mpfootinsv@r=\insert196
\m@m@k=\count112
\m@m@h=\dimen142
\m@mipn@skip=\skip165
\sidefootins=\insert195
\sidefootadjust=\skip166
\sidefootheight=\skip167
\sidefoothsep=\skip168
\sidefootvsep=\skip169
\sidefootwidth=\skip170
\m@mdownsf=\skip171
\c@sidefootnote=\count113
\sidefootmarkwidth=\skip172
\sidefootmarksep=\skip173
\sidefootparindent=\skip174
\c@pagenote=\count114
\c@pagenoteshadow=\count115
\mem@pn@lastkern=\skip175
\every@verbatim=\toks19
\afterevery@verbatim=\toks20
\verbatim@line=\toks21
\tab@position=\count116
\verbatim@in@stream=\read1
\verbatimindent=\skip176
\verbatim@out=\write3
\bvboxsep=\skip177
\c@memfbvline=\count117
\c@bvlinectr=\count118
\bvnumlength=\skip178
\fb@frw=\dimen143
\fb@frh=\dimen144
\FrameRule=\dimen145
\FrameSep=\dimen146
\c@cp@cntr=\count119
LaTeX Info: Redefining \: on input line 12114.
LaTeX Info: Redefining \! on input line 12116.
\c@ism@mctr=\count120
\c@xsm@mctr=\count121
\c@csm@mctr=\count122
\c@ksm@mctr=\count123
\c@xksm@mctr=\count124
\c@cksm@mctr=\count125
\c@msm@mctr=\count126
\c@xmsm@mctr=\count127
\c@cmsm@mctr=\count128
\c@bsm@mctr=\count129
\c@workm@mctr=\count130
\c@sheetsequence=\count131
\c@lastsheet=\count132
\c@lastpage=\count133
\c@figure=\count134
\c@lofdepth=\count135
\cftbeforefigureskip=\skip179
\cftfigureindent=\skip180
\cftfigurenumwidth=\skip181
\c@table=\count136
\c@lotdepth=\count137
\cftbeforetableskip=\skip182
\cfttableindent=\skip183
\cfttablenumwidth=\skip184
Package abstract [2008/07/23] emulated by memoir.
Package appendix [2008/07/23] emulated by memoir.
Package booktabs [2016/05/16] emulated by memoir.
Package ccaption [2008/07/23] emulated by memoir.
Package changepage [2008/07/23] emulated by memoir.
Package chngcntr [2008/07/23] emulated by memoir.
Package chngpage [2008/07/23] emulated by memoir.
Package crop emulated by memoir.
Package enumerate [2008/07/23] emulated by memoir.
Package epigraph [2008/07/23] emulated by memoir.
Package ifmtarg [2008/07/23] emulated by memoir.
Package index [2008/07/23] emulated by memoir.
Package makeidx [2008/07/23] emulated by memoir.
Package moreverb [2008/07/23] emulated by memoir.
Package mparhack [2008/07/23] emulated by memoir.
Package needspace [2008/07/23] emulated by memoir.
Package newfile [2008/07/23] emulated by memoir.
Package nextpage [2008/07/23] emulated by memoir.
Package pagenote [2008/07/23] emulated by memoir.
Package parskip [2008/07/23] emulated by memoir.
Package patchcmd [2008/07/23] emulated by memoir.
Package setspace [2008/07/23] emulated by memoir.
Package shortvrb [2008/07/23] emulated by memoir.
Package showidx [2008/07/23] emulated by memoir.
Package titleref [2008/07/23] emulated by memoir.
Package titling [2008/07/23] emulated by memoir.
Package tocbibind [2008/07/23] emulated by memoir.
Package tocloft [2008/07/23] emulated by memoir.
Package tocvsec2 [2008/07/23] emulated by memoir.
Package verbatim [2008/07/23] emulated by memoir.
Package verse [2008/07/23] emulated by memoir.
)
(/usr/share/texmf-dist/tex/latex/textcase/textcase.sty
Package: textcase 2004/10/07 v0.07 Text only upper/lower case changing (DPC)
LaTeX Info: Redefining \MakeTextUppercase on input line 47.
LaTeX Info: Redefining \MakeTextLowercase on input line 50.
)
(/usr/share/texmf-dist/tex/latex/hyperref/hyperref.sty
Package: hyperref 2018/11/30 v6.88e Hypertext links for LaTeX

(/usr/share/texmf-dist/tex/generic/oberdiek/hobsub-hyperref.sty
Package: hobsub-hyperref 2016/05/16 v1.14 Bundle oberdiek, subset hyperref (HO)


(/usr/share/texmf-dist/tex/generic/oberdiek/hobsub-generic.sty
Package: hobsub-generic 2016/05/16 v1.14 Bundle oberdiek, subset generic (HO)
Package: hobsub 2016/05/16 v1.14 Construct package bundles (HO)
Package: infwarerr 2016/05/16 v1.4 Providing info/warning/error messages (HO)
Package: ltxcmds 2016/05/16 v1.23 LaTeX kernel commands for general use (HO)
Package hobsub Info: Skipping package `ifluatex' (already loaded).
Package: ifvtex 2016/05/16 v1.6 Detect VTeX and its facilities (HO)
Package ifvtex Info: VTeX not detected.
Package: intcalc 2016/05/16 v1.2 Expandable calculations with integers (HO)
Package hobsub Info: Skipping package `ifpdf' (already loaded).
Package: etexcmds 2016/05/16 v1.6 Avoid name clashes with e-TeX commands (HO)
Package: kvsetkeys 2016/05/16 v1.17 Key value parser (HO)
Package: kvdefinekeys 2016/05/16 v1.4 Define keys (HO)
Package: pdftexcmds 2018/09/10 v0.29 Utility functions of pdfTeX for LuaTeX (HO
)
Package pdftexcmds Info: LuaTeX not detected.
Package pdftexcmds Info: \pdf@primitive is available.
Package pdftexcmds Info: \pdf@ifprimitive is available.
Package pdftexcmds Info: \pdfdraftmode found.
Package: pdfescape 2016/05/16 v1.14 Implements pdfTeX's escape features (HO)
Package: bigintcalc 2016/05/16 v1.4 Expandable calculations on big integers (HO
)
Package: bitset 2016/05/16 v1.2 Handle bit-vector datatype (HO)
Package: uniquecounter 2016/05/16 v1.3 Provide unlimited unique counter (HO)
)
Package hobsub Info: Skipping package `hobsub' (already loaded).
Package: letltxmacro 2016/05/16 v1.5 Let assignment for LaTeX macros (HO)
Package: hopatch 2016/05/16 v1.3 Wrapper for package hooks (HO)
Package: xcolor-patch 2016/05/16 xcolor patch
Package: atveryend 2016/05/16 v1.9 Hooks at the very end of document (HO)
Package atveryend Info: \enddocument detected (standard20110627).
Package: atbegshi 2016/06/09 v1.18 At begin shipout hook (HO)
Package: refcount 2016/05/16 v3.5 Data extraction from label references (HO)
Package: hycolor 2016/05/16 v1.8 Color options for hyperref/bookmark (HO)
)
(/usr/share/texmf-dist/tex/latex/graphics/keyval.sty
Package: keyval 2014/10/28 v1.15 key=value parser (DPC)
\KV@toks@=\toks22
)
(/usr/share/texmf-dist/tex/latex/oberdiek/auxhook.sty
Package: auxhook 2016/05/16 v1.4 Hooks for auxiliary files (HO)
)
(/usr/share/texmf-dist/tex/latex/oberdiek/kvoptions.sty
Package: kvoptions 2016/05/16 v3.12 Key value format for package options (HO)
)
\@linkdim=\dimen147
\Hy@linkcounter=\count138
\Hy@pagecounter=\count139

(/usr/share/texmf-dist/tex/latex/hyperref/pd1enc.def
File: pd1enc.def 2018/11/30 v6.88e Hyperref: PDFDocEncoding definition (HO)
Now handling font encoding PD1 ...
... no UTF-8 mapping file for font encoding PD1
)
\Hy@SavedSpaceFactor=\count140

(/usr/share/texmf-dist/tex/latex/latexconfig/hyperref.cfg
File: hyperref.cfg 2002/06/06 v1.2 hyperref configuration of TeXLive
)
Package hyperref Info: Hyper figures OFF on input line 4519.
Package hyperref Info: Link nesting OFF on input line 4524.
Package hyperref Info: Hyper index ON on input line 4527.
Package hyperref Info: Plain pages OFF on input line 4534.
Package hyperref Info: Backreferencing OFF on input line 4539.
Package hyperref Info: Implicit mode ON; LaTeX internals redefined.
Package hyperref Info: Bookmarks ON on input line 4772.
\c@Hy@tempcnt=\count141

(/usr/share/texmf-dist/tex/latex/url/url.sty
\Urlmuskip=\muskip10
Package: url 2013/09/16  ver 3.4  Verb mode for urls, etc.
)
LaTeX Info: Redefining \url on input line 5125.
\XeTeXLinkMargin=\dimen148
\Fld@menulength=\count142
\Field@Width=\dimen149
\Fld@charsize=\dimen150
Package hyperref Info: Hyper figures OFF on input line 6380.
Package hyperref Info: Link nesting OFF on input line 6385.
Package hyperref Info: Hyper index ON on input line 6388.
Package hyperref Info: backreferencing OFF on input line 6395.
Package hyperref Info: Link coloring OFF on input line 6400.
Package hyperref Info: Link coloring with OCG OFF on input line 6405.
Package hyperref Info: PDF/A mode OFF on input line 6410.
LaTeX Info: Redefining \ref on input line 6450.
LaTeX Info: Redefining \pageref on input line 6454.
\Hy@abspage=\count143
\c@Item=\count144
\c@Hfootnote=\count145
)
(/usr/share/texmf-dist/tex/latex/memoir/memhfixc.sty
Package: memhfixc 2013/05/30 v1.17 nameref/hyperref package fixes for memoir cl
ass
\c@memhycontfloat=\count146
\c@Hpagenote=\count147
)
Package hyperref Info: Driver (autodetected): hpdftex.

(/usr/share/texmf-dist/tex/latex/hyperref/hpdftex.def
File: hpdftex.def 2018/11/30 v6.88e Hyperref driver for pdfTeX
\Fld@listcount=\count148
\c@bookmark@seq@number=\count149

(/usr/share/texmf-dist/tex/latex/oberdiek/rerunfilecheck.sty
Package: rerunfilecheck 2016/05/16 v1.8 Rerun checks for auxiliary files (HO)
Package uniquecounter Info: New unique counter `rerunfilecheck' on input line 2
82.
)
\Hy@SectionHShift=\skip185
)
(/usr/share/texmf-dist/tex/latex/oberdiek/bookmark.sty
Package: bookmark 2016/05/17 v1.26 PDF bookmarks (HO)

(/usr/share/texmf-dist/tex/latex/oberdiek/bkm-pdftex.def
File: bkm-pdftex.def 2016/05/17 v1.26 bookmark driver for pdfTeX (HO)
\BKM@id=\count150
))
(/usr/share/texmf-dist/tex/generic/babel/babel.sty
Package: babel 2019/04/03 3.29 The Babel package

(/usr/share/texmf-dist/tex/generic/babel/switch.def
File: switch.def 2019/04/03 3.29 Babel switching mechanism
)
(/usr/share/texmf-dist/tex/generic/babel-english/english.ldf
Language: english 2017/06/06 v3.3r English support from the babel system

(/usr/share/texmf-dist/tex/generic/babel/babel.def
File: babel.def 2019/04/03 3.29 Babel common definitions
\babel@savecnt=\count151
\U@D=\dimen151

(/usr/share/texmf-dist/tex/generic/babel/txtbabel.def)
\bbl@dirlevel=\count152
)
\l@canadian = a dialect from \language\l@american 
\l@australian = a dialect from \language\l@british 
\l@newzealand = a dialect from \language\l@british 
)
(/usr/share/texmf-dist/tex/generic/babel-french/french.ldf
Language: french 2019/03/30 v3.5e French support from the babel system
\l@acadian = a dialect from \language\l@french 
\FB@nonchar=\count153
Package babel Info: Making : an active character on input line 414.
Package babel Info: Making ; an active character on input line 415.
Package babel Info: Making ! an active character on input line 416.
Package babel Info: Making ? an active character on input line 417.
\FBguill@level=\count154
\FBold@everypar=\toks23
\FB@Mht=\dimen152
\mc@charclass=\count155
\mc@charfam=\count156
\mc@charslot=\count157
\std@mcc=\count158
\dec@mcc=\count159
\c@FBcaption@count=\count160
\listindentFB=\dimen153
\descindentFB=\dimen154
\labelindentFB=\dimen155
\labelwidthFB=\dimen156
\leftmarginFB=\dimen157
\parindentFFN=\dimen158
\FBfnindent=\dimen159
)
(/usr/share/texmf-dist/tex/generic/babel-spanish/spanish.ldf
Language: spanish.ldf 2016/03/03 v5.0p Spanish support from the babel system
\es@quottoks=\toks24
\es@quotdepth=\count161
Package babel Info: Making " an active character on input line 561.
Package babel Info: Making . an active character on input line 662.
Package babel Info: Making < an active character on input line 707.
Package babel Info: Making > an active character on input line 707.
)
(/usr/share/texmf-dist/tex/generic/babel-portuges/portuges.ldf
Language: portuges 2008/03/18 v1.2q Portuguese support from the babel system
\l@brazil = a dialect from \language\l@portuges 
))
(/usr/share/texmf-dist/tex/latex/carlisle/scalefnt.sty)
(/usr/share/texmf-dist/tex/latex/enumitem/enumitem.sty
Package: enumitem 2019/02/04 v3.8 Customized lists
\labelindent=\skip186
\enit@outerparindent=\dimen160
\enit@toks=\toks25
\enit@inbox=\box32
\enit@count@id=\count162
\enitdp@description=\count163
)
(/usr/share/texmf-dist/tex/latex/tools/calc.sty
Package: calc 2017/05/25 v4.3 Infix arithmetic (KKT,FJ)
\calc@Acount=\count164
\calc@Bcount=\count165
\calc@Adimen=\dimen161
\calc@Bdimen=\dimen162
\calc@Askip=\skip187
\calc@Bskip=\skip188
LaTeX Info: Redefining \setlength on input line 80.
LaTeX Info: Redefining \addtolength on input line 81.
\calc@Ccount=\count166
\calc@Cskip=\skip189
)

******************************************************
Stock height and width: 845.04684pt by 597.50787pt
Top and edge trims: 0pt and 0pt
Page height and width: 845.04684pt by 597.50787pt
Text height and width: 708pt by 455pt
Spine and edge margins: 85.35826pt and 56.9055pt
Upper and lower margins: 85.35826pt and 51.68858pt
Headheight and headsep: 14.5pt and 19.8738pt
Footskip: 30pt
Columnsep and columnseprule: 10pt and 0pt
Marginparsep and marginparwidth: 7pt and 42.9055pt
Sidecapsep and sidecapwidth: 7pt and 42pt
Sidebarhsep and sidebarwidth: 7pt and 42pt
Sidebarvsep and sidebartopsep: 14.5pt and 0pt
Sidebarheight: 590.14995pt
Sidefoothsep and sidefootwidth: 7pt and 42pt
Sidefootvsep and sidefootheight: 14.5pt and 590.14995pt
******************************************************

\c@abntex@bookmarkcounter=\count167
\cftlastnumwidth=\skip190
\chapternamenumlength=\skip191
\ABNTEXcitacaorecuo=\skip192
\c@alineasi=\count168
\c@alineasii=\count169
\enitdp@alineas=\count170
\c@subalineasi=\count171
\enitdp@subalineas=\count172
\c@incisosi=\count173
\enitdp@incisos=\count174
\ABNTEXsignwidth=\skip193
\ABNTEXsignthickness=\skip194
\ABNTEXsignskip=\skip256
) (/usr/share/texmf-dist/tex/latex/amsfonts/amssymb.sty
Package: amssymb 2013/01/14 v3.01 AMS font symbols

(/usr/share/texmf-dist/tex/latex/amsfonts/amsfonts.sty
Package: amsfonts 2013/01/14 v3.01 Basic AMSFonts support
\@emptytoks=\toks26
\symAMSa=\mathgroup4
\symAMSb=\mathgroup5
LaTeX Font Info:    Overwriting math alphabet `\mathfrak' in version `bold'
(Font)                  U/euf/m/n --> U/euf/b/n on input line 106.
))
(/usr/share/texmf-dist/tex/latex/psnfss/pifont.sty
Package: pifont 2005/04/12 PSNFSS-v9.2a Pi font support (SPQR) 
LaTeX Font Info:    Try loading font information for U+pzd on input line 63.

(/usr/share/texmf-dist/tex/latex/psnfss/upzd.fd
File: upzd.fd 2001/06/04 font definitions for U/pzd.
)
LaTeX Font Info:    Try loading font information for U+psy on input line 64.

(/usr/share/texmf-dist/tex/latex/psnfss/upsy.fd
File: upsy.fd 2001/06/04 font definitions for U/psy.
))
(/usr/share/texmf-dist/tex/latex/lm/lmodern.sty
Package: lmodern 2009/10/30 v1.6 Latin Modern Fonts
LaTeX Font Info:    Overwriting symbol font `operators' in version `normal'
(Font)                  OT1/cmr/m/n --> OT1/lmr/m/n on input line 22.
LaTeX Font Info:    Overwriting symbol font `letters' in version `normal'
(Font)                  OML/cmm/m/it --> OML/lmm/m/it on input line 23.
LaTeX Font Info:    Overwriting symbol font `symbols' in version `normal'
(Font)                  OMS/cmsy/m/n --> OMS/lmsy/m/n on input line 24.
LaTeX Font Info:    Overwriting symbol font `largesymbols' in version `normal'
(Font)                  OMX/cmex/m/n --> OMX/lmex/m/n on input line 25.
LaTeX Font Info:    Overwriting symbol font `operators' in version `bold'
(Font)                  OT1/cmr/bx/n --> OT1/lmr/bx/n on input line 26.
LaTeX Font Info:    Overwriting symbol font `letters' in version `bold'
(Font)                  OML/cmm/b/it --> OML/lmm/b/it on input line 27.
LaTeX Font Info:    Overwriting symbol font `symbols' in version `bold'
(Font)                  OMS/cmsy/b/n --> OMS/lmsy/b/n on input line 28.
LaTeX Font Info:    Overwriting symbol font `largesymbols' in version `bold'
(Font)                  OMX/cmex/m/n --> OMX/lmex/m/n on input line 29.
LaTeX Font Info:    Overwriting math alphabet `\mathbf' in version `normal'
(Font)                  OT1/cmr/bx/n --> OT1/lmr/bx/n on input line 31.
LaTeX Font Info:    Overwriting math alphabet `\mathsf' in version `normal'
(Font)                  OT1/cmss/m/n --> OT1/lmss/m/n on input line 32.
LaTeX Font Info:    Overwriting math alphabet `\mathit' in version `normal'
(Font)                  OT1/cmr/m/it --> OT1/lmr/m/it on input line 33.
LaTeX Font Info:    Overwriting math alphabet `\mathtt' in version `normal'
(Font)                  OT1/cmtt/m/n --> OT1/lmtt/m/n on input line 34.
LaTeX Font Info:    Overwriting math alphabet `\mathbf' in version `bold'
(Font)                  OT1/cmr/bx/n --> OT1/lmr/bx/n on input line 35.
LaTeX Font Info:    Overwriting math alphabet `\mathsf' in version `bold'
(Font)                  OT1/cmss/bx/n --> OT1/lmss/bx/n on input line 36.
LaTeX Font Info:    Overwriting math alphabet `\mathit' in version `bold'
(Font)                  OT1/cmr/bx/it --> OT1/lmr/bx/it on input line 37.
LaTeX Font Info:    Overwriting math alphabet `\mathtt' in version `bold'
(Font)                  OT1/cmtt/m/n --> OT1/lmtt/m/n on input line 38.
)
(/usr/share/texmf-dist/tex/latex/base/fontenc.sty
Package: fontenc 2018/08/11 v2.0j Standard LaTeX package

(/usr/share/texmf-dist/tex/latex/base/t1enc.def
File: t1enc.def 2018/08/11 v2.0j Standard LaTeX file
LaTeX Font Info:    Redeclaring font encoding T1 on input line 48.
))
(/usr/share/texmf-dist/tex/latex/base/inputenc.sty
Package: inputenc 2018/08/11 v1.3c Input encoding file
\inpenc@prehook=\toks27
\inpenc@posthook=\toks28
)
(/usr/share/texmf-dist/tex/latex/lastpage/lastpage.sty
Package: lastpage 2015/03/29 v1.2m Refers to last page's name (HMM; JPG)
)
(/usr/share/texmf-dist/tex/latex/tools/indentfirst.sty
Package: indentfirst 1995/11/23 v1.03 Indent first paragraph (DPC)
)
(/usr/share/texmf-dist/tex/latex/graphics/color.sty
Package: color 2016/07/10 v1.1e Standard LaTeX Color (DPC)

(/usr/share/texmf-dist/tex/latex/graphics-cfg/color.cfg
File: color.cfg 2016/01/02 v1.6 sample color configuration
)
Package color Info: Driver file: pdftex.def on input line 147.

(/usr/share/texmf-dist/tex/latex/graphics-def/pdftex.def
File: pdftex.def 2018/01/08 v1.0l Graphics/color driver for pdftex
))
(/usr/share/texmf-dist/tex/latex/graphics/graphicx.sty
Package: graphicx 2017/06/01 v1.1a Enhanced LaTeX Graphics (DPC,SPQR)

(/usr/share/texmf-dist/tex/latex/graphics/graphics.sty
Package: graphics 2017/06/25 v1.2c Standard LaTeX Graphics (DPC,SPQR)

(/usr/share/texmf-dist/tex/latex/graphics/trig.sty
Package: trig 2016/01/03 v1.10 sin cos tan (DPC)
)
(/usr/share/texmf-dist/tex/latex/graphics-cfg/graphics.cfg
File: graphics.cfg 2016/06/04 v1.11 sample graphics configuration
)
Package graphics Info: Driver file: pdftex.def on input line 99.
)
\Gin@req@height=\dimen163
\Gin@req@width=\dimen164
)
(/usr/share/texmf-dist/tex/latex/microtype/microtype.sty
Package: microtype 2019/02/28 v2.7b Micro-typographical refinements (RS)
\MT@toks=\toks29
\MT@count=\count175
LaTeX Info: Redefining \textls on input line 790.
\MT@outer@kern=\dimen165
LaTeX Info: Redefining \textmicrotypecontext on input line 1336.
\MT@listname@count=\count176

(/usr/share/texmf-dist/tex/latex/microtype/microtype-pdftex.def
File: microtype-pdftex.def 2019/02/28 v2.7b Definitions specific to pdftex (RS)

LaTeX Info: Redefining \lsstyle on input line 914.
LaTeX Info: Redefining \lslig on input line 914.
\MT@outer@space=\skip257
)
Package microtype Info: Loading configuration file microtype.cfg.

(/usr/share/texmf-dist/tex/latex/microtype/microtype.cfg
File: microtype.cfg 2019/02/28 v2.7b microtype main configuration file (RS)
))
(/usr/share/texmf-dist/tex/latex/was/gensymb.sty
Package: gensymb 2003/07/02 v1.0 (WaS)
)
(/usr/share/texmf-dist/tex/latex/tools/multicol.sty
Package: multicol 2018/12/27 v1.8v multicolumn formatting (FMi)
\c@tracingmulticols=\count177
\mult@box=\box33
\multicol@leftmargin=\dimen166
\c@unbalance=\count178
\c@collectmore=\count179
\doublecol@number=\count180
\multicoltolerance=\count181
\multicolpretolerance=\count182
\full@width=\dimen167
\page@free=\dimen168
\premulticols=\dimen169
\postmulticols=\dimen170
\multicolsep=\skip258
\multicolbaselineskip=\skip259
\partial@page=\box34
\last@line=\box35
\maxbalancingoverflow=\dimen171
\mult@rightbox=\box36
\mult@grightbox=\box37
\mult@gfirstbox=\box38
\mult@firstbox=\box39
\@tempa=\box40
\@tempa=\box41
\@tempa=\box42
\@tempa=\box43
\@tempa=\box44
\@tempa=\box45
\@tempa=\box46
\@tempa=\box47
\@tempa=\box48
\@tempa=\box49
\@tempa=\box50
\@tempa=\box51
\@tempa=\box52
\@tempa=\box53
\@tempa=\box54
\@tempa=\box55
\@tempa=\box56
\c@columnbadness=\count183
\c@finalcolumnbadness=\count184
\last@try=\dimen172
\multicolovershoot=\dimen173
\multicolundershoot=\dimen174
\mult@nat@firstbox=\box57
\colbreak@box=\box58
\mc@col@check@num=\count185
)
(/usr/share/texmf-dist/tex/latex/xcolor/xcolor.sty
Package: xcolor 2016/05/11 v2.12 LaTeX color extensions (UK)

(/usr/share/texmf-dist/tex/latex/graphics-cfg/color.cfg
File: color.cfg 2016/01/02 v1.6 sample color configuration
)
Package xcolor Info: Driver file: pdftex.def on input line 225.

(/usr/share/texmf-dist/tex/latex/colortbl/colortbl.sty
Package: colortbl 2018/12/12 v1.0d Color table columns (DPC)
\everycr=\toks30
\minrowclearance=\skip260
)
LaTeX Info: Redefining \color on input line 709.
\rownum=\count186
Package xcolor Info: Model `cmy' substituted by `cmy0' on input line 1348.
Package xcolor Info: Model `hsb' substituted by `rgb' on input line 1352.
Package xcolor Info: Model `RGB' extended on input line 1364.
Package xcolor Info: Model `HTML' substituted by `rgb' on input line 1366.
Package xcolor Info: Model `Hsb' substituted by `hsb' on input line 1367.
Package xcolor Info: Model `tHsb' substituted by `hsb' on input line 1368.
Package xcolor Info: Model `HSB' substituted by `hsb' on input line 1369.
Package xcolor Info: Model `Gray' substituted by `gray' on input line 1370.
Package xcolor Info: Model `wave' substituted by `hsb' on input line 1371.
)
(/usr/share/texmf-dist/tex/latex/caption/subcaption.sty
Package: subcaption 2018/05/01 v1.1-162 Sub-captions (AR)


Class memoir Warning: You are using the caption package with the memoir class. 
To prepare we will now reset all captioning macros and configurations to kernel
 defaults, and then let the caption package take over. Please remember to use
 the caption package interfaces in order to
 configure your captions.

(/usr/share/texmf-dist/tex/latex/caption/caption.sty
Package: caption 2018/10/06 v3.3-154 Customizing captions (AR)

(/usr/share/texmf-dist/tex/latex/caption/caption3.sty
Package: caption3 2018/09/12 v1.8c caption3 kernel (AR)
Package caption3 Info: TeX engine: e-TeX on input line 64.
\captionmargin=\dimen175
\captionmargin@=\dimen176
\captionwidth=\dimen177
\caption@tempdima=\dimen178
\caption@indent=\dimen179
\caption@parindent=\dimen180
\caption@hangindent=\dimen181
)
\c@caption@flags=\count187
\c@ContinuedFloat=\count188
Package caption Info: hyperref package is loaded.
)
\c@subfigure=\count189
\c@subtable=\count190
)
(/usr/share/texmf-dist/tex/latex/base/textcomp.sty
Package: textcomp 2018/08/11 v2.0j Standard LaTeX package
Package textcomp Info: Sub-encoding information:
(textcomp)               5 = only ISO-Adobe without \textcurrency
(textcomp)               4 = 5 + \texteuro
(textcomp)               3 = 4 + \textohm
(textcomp)               2 = 3 + \textestimated + \textcurrency
(textcomp)               1 = TS1 - \textcircled - \t
(textcomp)               0 = TS1 (full)
(textcomp)             Font families with sub-encoding setting implement
(textcomp)             only a restricted character set as indicated.
(textcomp)             Family '?' is the default used for unknown fonts.
(textcomp)             See the documentation for details.
Package textcomp Info: Setting ? sub-encoding to TS1/1 on input line 79.

(/usr/share/texmf-dist/tex/latex/base/ts1enc.def
File: ts1enc.def 2001/06/05 v3.0e (jk/car/fm) Standard LaTeX file
Now handling font encoding TS1 ...
... processing UTF-8 mapping file for font encoding TS1

(/usr/share/texmf-dist/tex/latex/base/ts1enc.dfu
File: ts1enc.dfu 2018/10/05 v1.2f UTF-8 support for inputenc
   defining Unicode char U+00A2 (decimal 162)
   defining Unicode char U+00A3 (decimal 163)
   defining Unicode char U+00A4 (decimal 164)
   defining Unicode char U+00A5 (decimal 165)
   defining Unicode char U+00A6 (decimal 166)
   defining Unicode char U+00A7 (decimal 167)
   defining Unicode char U+00A8 (decimal 168)
   defining Unicode char U+00A9 (decimal 169)
   defining Unicode char U+00AA (decimal 170)
   defining Unicode char U+00AC (decimal 172)
   defining Unicode char U+00AE (decimal 174)
   defining Unicode char U+00AF (decimal 175)
   defining Unicode char U+00B0 (decimal 176)
   defining Unicode char U+00B1 (decimal 177)
   defining Unicode char U+00B2 (decimal 178)
   defining Unicode char U+00B3 (decimal 179)
   defining Unicode char U+00B4 (decimal 180)
   defining Unicode char U+00B5 (decimal 181)
   defining Unicode char U+00B6 (decimal 182)
   defining Unicode char U+00B7 (decimal 183)
   defining Unicode char U+00B9 (decimal 185)
   defining Unicode char U+00BA (decimal 186)
   defining Unicode char U+00BC (decimal 188)
   defining Unicode char U+00BD (decimal 189)
   defining Unicode char U+00BE (decimal 190)
   defining Unicode char U+00D7 (decimal 215)
   defining Unicode char U+00F7 (decimal 247)
   defining Unicode char U+0192 (decimal 402)
   defining Unicode char U+02C7 (decimal 711)
   defining Unicode char U+02D8 (decimal 728)
   defining Unicode char U+02DD (decimal 733)
   defining Unicode char U+0E3F (decimal 3647)
   defining Unicode char U+2016 (decimal 8214)
   defining Unicode char U+2020 (decimal 8224)
   defining Unicode char U+2021 (decimal 8225)
   defining Unicode char U+2022 (decimal 8226)
   defining Unicode char U+2030 (decimal 8240)
   defining Unicode char U+2031 (decimal 8241)
   defining Unicode char U+203B (decimal 8251)
   defining Unicode char U+203D (decimal 8253)
   defining Unicode char U+2044 (decimal 8260)
   defining Unicode char U+204E (decimal 8270)
   defining Unicode char U+2052 (decimal 8274)
   defining Unicode char U+20A1 (decimal 8353)
   defining Unicode char U+20A4 (decimal 8356)
   defining Unicode char U+20A6 (decimal 8358)
   defining Unicode char U+20A9 (decimal 8361)
   defining Unicode char U+20AB (decimal 8363)
   defining Unicode char U+20AC (decimal 8364)
   defining Unicode char U+20B1 (decimal 8369)
   defining Unicode char U+2103 (decimal 8451)
   defining Unicode char U+2116 (decimal 8470)
   defining Unicode char U+2117 (decimal 8471)
   defining Unicode char U+211E (decimal 8478)
   defining Unicode char U+2120 (decimal 8480)
   defining Unicode char U+2122 (decimal 8482)
   defining Unicode char U+2126 (decimal 8486)
   defining Unicode char U+2127 (decimal 8487)
   defining Unicode char U+212E (decimal 8494)
   defining Unicode char U+2190 (decimal 8592)
   defining Unicode char U+2191 (decimal 8593)
   defining Unicode char U+2192 (decimal 8594)
   defining Unicode char U+2193 (decimal 8595)
   defining Unicode char U+2329 (decimal 9001)
   defining Unicode char U+232A (decimal 9002)
   defining Unicode char U+2422 (decimal 9250)
   defining Unicode char U+25E6 (decimal 9702)
   defining Unicode char U+25EF (decimal 9711)
   defining Unicode char U+266A (decimal 9834)
   defining Unicode char U+FEFF (decimal 65279)
))
LaTeX Info: Redefining \oldstylenums on input line 334.
Package textcomp Info: Setting cmr sub-encoding to TS1/0 on input line 349.
Package textcomp Info: Setting cmss sub-encoding to TS1/0 on input line 350.
Package textcomp Info: Setting cmtt sub-encoding to TS1/0 on input line 351.
Package textcomp Info: Setting cmvtt sub-encoding to TS1/0 on input line 352.
Package textcomp Info: Setting cmbr sub-encoding to TS1/0 on input line 353.
Package textcomp Info: Setting cmtl sub-encoding to TS1/0 on input line 354.
Package textcomp Info: Setting ccr sub-encoding to TS1/0 on input line 355.
Package textcomp Info: Setting ptm sub-encoding to TS1/4 on input line 356.
Package textcomp Info: Setting pcr sub-encoding to TS1/4 on input line 357.
Package textcomp Info: Setting phv sub-encoding to TS1/4 on input line 358.
Package textcomp Info: Setting ppl sub-encoding to TS1/3 on input line 359.
Package textcomp Info: Setting pag sub-encoding to TS1/4 on input line 360.
Package textcomp Info: Setting pbk sub-encoding to TS1/4 on input line 361.
Package textcomp Info: Setting pnc sub-encoding to TS1/4 on input line 362.
Package textcomp Info: Setting pzc sub-encoding to TS1/4 on input line 363.
Package textcomp Info: Setting bch sub-encoding to TS1/4 on input line 364.
Package textcomp Info: Setting put sub-encoding to TS1/5 on input line 365.
Package textcomp Info: Setting uag sub-encoding to TS1/5 on input line 366.
Package textcomp Info: Setting ugq sub-encoding to TS1/5 on input line 367.
Package textcomp Info: Setting ul8 sub-encoding to TS1/4 on input line 368.
Package textcomp Info: Setting ul9 sub-encoding to TS1/4 on input line 369.
Package textcomp Info: Setting augie sub-encoding to TS1/5 on input line 370.
Package textcomp Info: Setting dayrom sub-encoding to TS1/3 on input line 371.
Package textcomp Info: Setting dayroms sub-encoding to TS1/3 on input line 372.

Package textcomp Info: Setting pxr sub-encoding to TS1/0 on input line 373.
Package textcomp Info: Setting pxss sub-encoding to TS1/0 on input line 374.
Package textcomp Info: Setting pxtt sub-encoding to TS1/0 on input line 375.
Package textcomp Info: Setting txr sub-encoding to TS1/0 on input line 376.
Package textcomp Info: Setting txss sub-encoding to TS1/0 on input line 377.
Package textcomp Info: Setting txtt sub-encoding to TS1/0 on input line 378.
Package textcomp Info: Setting lmr sub-encoding to TS1/0 on input line 379.
Package textcomp Info: Setting lmdh sub-encoding to TS1/0 on input line 380.
Package textcomp Info: Setting lmss sub-encoding to TS1/0 on input line 381.
Package textcomp Info: Setting lmssq sub-encoding to TS1/0 on input line 382.
Package textcomp Info: Setting lmvtt sub-encoding to TS1/0 on input line 383.
Package textcomp Info: Setting lmtt sub-encoding to TS1/0 on input line 384.
Package textcomp Info: Setting qhv sub-encoding to TS1/0 on input line 385.
Package textcomp Info: Setting qag sub-encoding to TS1/0 on input line 386.
Package textcomp Info: Setting qbk sub-encoding to TS1/0 on input line 387.
Package textcomp Info: Setting qcr sub-encoding to TS1/0 on input line 388.
Package textcomp Info: Setting qcs sub-encoding to TS1/0 on input line 389.
Package textcomp Info: Setting qpl sub-encoding to TS1/0 on input line 390.
Package textcomp Info: Setting qtm sub-encoding to TS1/0 on input line 391.
Package textcomp Info: Setting qzc sub-encoding to TS1/0 on input line 392.
Package textcomp Info: Setting qhvc sub-encoding to TS1/0 on input line 393.
Package textcomp Info: Setting futs sub-encoding to TS1/4 on input line 394.
Package textcomp Info: Setting futx sub-encoding to TS1/4 on input line 395.
Package textcomp Info: Setting futj sub-encoding to TS1/4 on input line 396.
Package textcomp Info: Setting hlh sub-encoding to TS1/3 on input line 397.
Package textcomp Info: Setting hls sub-encoding to TS1/3 on input line 398.
Package textcomp Info: Setting hlst sub-encoding to TS1/3 on input line 399.
Package textcomp Info: Setting hlct sub-encoding to TS1/5 on input line 400.
Package textcomp Info: Setting hlx sub-encoding to TS1/5 on input line 401.
Package textcomp Info: Setting hlce sub-encoding to TS1/5 on input line 402.
Package textcomp Info: Setting hlcn sub-encoding to TS1/5 on input line 403.
Package textcomp Info: Setting hlcw sub-encoding to TS1/5 on input line 404.
Package textcomp Info: Setting hlcf sub-encoding to TS1/5 on input line 405.
Package textcomp Info: Setting pplx sub-encoding to TS1/3 on input line 406.
Package textcomp Info: Setting pplj sub-encoding to TS1/3 on input line 407.
Package textcomp Info: Setting ptmx sub-encoding to TS1/4 on input line 408.
Package textcomp Info: Setting ptmj sub-encoding to TS1/4 on input line 409.
)
(/usr/share/texmf-dist/tex/latex/float/float.sty
Package: float 2001/11/08 v1.3d Float enhancements (AL)
\c@float@type=\count191
\float@exts=\toks31
\float@box=\box59
\@float@everytoks=\toks32
\@floatcapt=\box60
)
(/usr/share/texmf-dist/tex/latex/oberdiek/grffile.sty
Package: grffile 2017/06/30 v1.18 Extended file name support for graphics (HO)
Package grffile Info: Option `multidot' is set to `true'.
Package grffile Info: Option `extendedchars' is set to `false'.
Package grffile Info: Option `space' is set to `true'.
Package grffile Info: \Gin@ii of package `graphicx' fixed on input line 494.
)
(/usr/share/texmf-dist/tex/latex/relsize/relsize.sty
Package: relsize 2013/03/29 ver 4.1
)
(/usr/share/texmf-dist/tex/latex/abntex2/abntex2cite.sty
Package: abntex2cite 2016/02/26 v-1.9.6 abnTeX2

(/usr/share/texmf-dist/tex/latex/abntex2/abntex2abrev.sty)
\minimumbiblabelwidth=\skip261
\ABCIauxlen=\skip262
\c@ABCIaux=\count192
\c@ABCImax=\count193
\biblabelsep=\skip263
LaTeX Info: Redefining \newblock on input line 591.
LaTeX Info: Redefining \cite on input line 862.
\ABCItoken=\toks33
)
Package hyperref Info: Option `colorlinks' set `true' on input line 178.
\relatorio@idxfile=\write4
\openout4 = `relatorio.idx'.


Writing index file relatorio.idx 
(./relatorio.aux

LaTeX Warning: Label `fluxograma' multiply defined.


LaTeX Warning: Label `fluxograma' multiply defined.


LaTeX Warning: Label `fluxograma' multiply defined.


LaTeX Warning: Label `fluxograma' multiply defined.


LaTeX Warning: Label `fluxograma' multiply defined.


LaTeX Warning: Label `fluxograma' multiply defined.


LaTeX Warning: Label `fluxograma' multiply defined.


LaTeX Warning: Label `fluxograma' multiply defined.

)
\openout1 = `relatorio.aux'.

LaTeX Font Info:    Checking defaults for OML/cmm/m/it on input line 201.
LaTeX Font Info:    ... okay on input line 201.
LaTeX Font Info:    Checking defaults for T1/cmr/m/n on input line 201.
LaTeX Font Info:    ... okay on input line 201.
LaTeX Font Info:    Checking defaults for OT1/cmr/m/n on input line 201.
LaTeX Font Info:    ... okay on input line 201.
LaTeX Font Info:    Checking defaults for OMS/cmsy/m/n on input line 201.
LaTeX Font Info:    ... okay on input line 201.
LaTeX Font Info:    Checking defaults for OMX/cmex/m/n on input line 201.
LaTeX Font Info:    ... okay on input line 201.
LaTeX Font Info:    Checking defaults for U/cmr/m/n on input line 201.
LaTeX Font Info:    ... okay on input line 201.
LaTeX Font Info:    Checking defaults for PD1/pdf/m/n on input line 201.
LaTeX Font Info:    ... okay on input line 201.
LaTeX Font Info:    Checking defaults for TS1/cmr/m/n on input line 201.
LaTeX Font Info:    Try loading font information for TS1+cmr on input line 201.

 (/usr/share/texmf-dist/tex/latex/base/ts1cmr.fd
File: ts1cmr.fd 2014/09/29 v2.5h Standard LaTeX font definitions
)
LaTeX Font Info:    ... okay on input line 201.
LaTeX Font Info:    Try loading font information for T1+lmr on input line 201.

(/usr/share/texmf-dist/tex/latex/lm/t1lmr.fd
File: t1lmr.fd 2009/10/30 v1.6 Font defs for Latin Modern
)
\AtBeginShipoutBox=\box61
Package hyperref Info: Link coloring ON on input line 201.

(/usr/share/texmf-dist/tex/latex/hyperref/nameref.sty
Package: nameref 2016/05/21 v2.44 Cross-referencing by name of section

(/usr/share/texmf-dist/tex/generic/oberdiek/gettitlestring.sty
Package: gettitlestring 2016/05/16 v1.5 Cleanup title references (HO)
)
\c@section@level=\count194
)
Redoing nameref's sectioning
Redoing nameref's label
LaTeX Info: Redefining \nameref on input line 201.
LaTeX Info: Redefining \ref on input line 201.
LaTeX Info: Redefining \pageref on input line 201.
LaTeX Info: Redefining \nameref on input line 201.
LaTeX Info: Redefining \degres on input line 201.
LaTeX Info: Redefining \dots on input line 201.
LaTeX Info: Redefining \up on input line 201.
\myptabbox=\box62
\myptabboxwidth=\skip264
Package lastpage Info: Please have a look at the pageslts package at
(lastpage)             https://www.ctan.org/pkg/pageslts
(lastpage)             ! on input line 201.
(/usr/share/texmf-dist/tex/context/base/mkii/supp-pdf.mkii
[Loading MPS to PDF converter (version 2006.09.02).]
\scratchcounter=\count266
\scratchdimen=\dimen182
\scratchbox=\box63
\nofMPsegments=\count267
\nofMParguments=\count268
\everyMPshowfont=\toks34
\MPscratchCnt=\count269
\MPscratchDim=\dimen183
\MPnumerator=\count270
\makeMPintoPDFobject=\count271
\everyMPtoPDFconversion=\toks35
) (/usr/share/texmf-dist/tex/latex/oberdiek/epstopdf-base.sty
Package: epstopdf-base 2016/05/15 v2.6 Base part for package epstopdf

(/usr/share/texmf-dist/tex/latex/oberdiek/grfext.sty
Package: grfext 2016/05/16 v1.2 Manage graphics extensions (HO)
)
Package epstopdf-base Info: Redefining graphics rule for `.eps' on input line 4
38.
Package grfext Info: Graphics extension search list:
(grfext)             [.pdf,.png,.jpg,.mps,.jpeg,.jbig2,.jb2,.PDF,.PNG,.JPG,.JPE
G,.JBIG2,.JB2,.eps]
(grfext)             \AppendGraphicsExtensions on input line 456.

(/usr/share/texmf-dist/tex/latex/latexconfig/epstopdf-sys.cfg
File: epstopdf-sys.cfg 2010/07/13 v1.3 Configuration of (r)epstopdf for TeX Liv
e
))
LaTeX Info: Redefining \microtypecontext on input line 201.
Package microtype Info: Generating PDF output.
Package microtype Info: Character protrusion enabled (level 2).
Package microtype Info: Using default protrusion set `alltext'.
Package microtype Info: Automatic font expansion enabled (level 2),
(microtype)             stretch: 20, shrink: 20, step: 1, non-selected.
Package microtype Info: Using default expansion set `basictext'.
Package microtype Info: No adjustment of tracking.
Package microtype Info: No adjustment of interword spacing.
Package microtype Info: No adjustment of character kerning.

(/usr/share/texmf-dist/tex/latex/microtype/mt-cmr.cfg
File: mt-cmr.cfg 2013/05/19 v2.2 microtype config. file: Computer Modern Roman 
(RS)
)
\symgns@font=\mathgroup6
LaTeX Font Info:    Overwriting symbol font `gns@font' in version `bold'
(Font)                  TS1/lmr/m/n --> TS1/lmr/bx/n on input line 201.
Package gensymb Info: Math companion symbols declared on input line 201.
LaTeX Info: Redefining \degree on input line 201.
LaTeX Info: Redefining \celsius on input line 201.
Package gensymb Info: Using text companion symbols for \degree, \celsius and \p
erthousand on input line 201.
LaTeX Info: Redefining \ohm on input line 201.
Package gensymb Info: Using \textohm for \ohm on input line 201.
Package gensymb Info: Using \textmu for \micro on input line 201.
Package caption Info: Begin \AtBeginDocument code.
Package caption Info: float package is loaded.
Package caption Info: End \AtBeginDocument code.
Package microtype Info: Character `029' is missing
(microtype)             in font `T1/lmr/m/sc/12'.
(microtype)             Ignoring protrusion settings for this character.
Package microtype Info: Character `029' is missing
(microtype)             in font `T1/lmr/m/sc/14.4'.
(microtype)             Ignoring protrusion settings for this character.
 [1

{/var/lib/texmf/fonts/map/pdftex/updmap/pdftex.map}]
LaTeX Font Info:    Try loading font information for T1+lmss on input line 295.

 (/usr/share/texmf-dist/tex/latex/lm/t1lmss.fd
File: t1lmss.fd 2009/10/30 v1.6 Font defs for Latin Modern
)
Package microtype Info: Loading generic protrusion settings for font family
(microtype)             `lmss' (encoding: T1).
(microtype)             For optimal results, create family-specific settings.
(microtype)             See the microtype manual for details.

(./relatorio.toc
LaTeX Font Info:    Try loading font information for OT1+lmr on input line 7.
 (/usr/share/texmf-dist/tex/latex/lm/ot1lmr.fd
File: ot1lmr.fd 2009/10/30 v1.6 Font defs for Latin Modern
)
LaTeX Font Info:    Try loading font information for OML+lmm on input line 7.

(/usr/share/texmf-dist/tex/latex/lm/omllmm.fd
File: omllmm.fd 2009/10/30 v1.6 Font defs for Latin Modern
)
LaTeX Font Info:    Try loading font information for OMS+lmsy on input line 7.

(/usr/share/texmf-dist/tex/latex/lm/omslmsy.fd
File: omslmsy.fd 2009/10/30 v1.6 Font defs for Latin Modern
)
LaTeX Font Info:    Try loading font information for OMX+lmex on input line 7.

(/usr/share/texmf-dist/tex/latex/lm/omxlmex.fd
File: omxlmex.fd 2009/10/30 v1.6 Font defs for Latin Modern
)
LaTeX Font Info:    External font `lmex10' loaded for size
(Font)              <12> on input line 7.
LaTeX Font Info:    External font `lmex10' loaded for size
(Font)              <8> on input line 7.
LaTeX Font Info:    External font `lmex10' loaded for size
(Font)              <6> on input line 7.
LaTeX Font Info:    Try loading font information for U+msa on input line 7.

(/usr/share/texmf-dist/tex/latex/amsfonts/umsa.fd
File: umsa.fd 2013/01/14 v3.01 AMS symbols A
)
(/usr/share/texmf-dist/tex/latex/microtype/mt-msa.cfg
File: mt-msa.cfg 2006/02/04 v1.1 microtype config. file: AMS symbols (a) (RS)
)
LaTeX Font Info:    Try loading font information for U+msb on input line 7.

(/usr/share/texmf-dist/tex/latex/amsfonts/umsb.fd
File: umsb.fd 2013/01/14 v3.01 AMS symbols B
)
(/usr/share/texmf-dist/tex/latex/microtype/mt-msb.cfg
File: mt-msb.cfg 2005/06/01 v1.0 microtype config. file: AMS symbols (b) (RS)
)
LaTeX Font Info:    Try loading font information for TS1+lmr on input line 7.

(/usr/share/texmf-dist/tex/latex/lm/ts1lmr.fd
File: ts1lmr.fd 2009/10/30 v1.6 Font defs for Latin Modern
)) [2

] [3


] [4

] [5]
<validacao_f_h125.png, id=53, 421.575pt x 316.18124pt>
File: validacao_f_h125.png Graphic file (type png)
<use validacao_f_h125.png>
Package pdftex.def Info: validacao_f_h125.png  used on input line 372.
(pdftex.def)             Requested size: 227.5pt x 170.62918pt.
<validacao_v_h125.png, id=55, 421.575pt x 316.18124pt>
File: validacao_v_h125.png Graphic file (type png)
<use validacao_v_h125.png>
Package pdftex.def Info: validacao_v_h125.png  used on input line 381.
(pdftex.def)             Requested size: 227.5pt x 170.62918pt.
<validacao_v_calculado_h125.png, id=57, 421.575pt x 316.18124pt>
File: validacao_v_calculado_h125.png Graphic file (type png)
<use validacao_v_calculado_h125.png>
Package pdftex.def Info: validacao_v_calculado_h125.png  used on input line 389
.
(pdftex.def)             Requested size: 227.5pt x 170.62918pt.
 [6 <./validacao_f_h125.png (PNG copy)> <./validacao_v_h125.png (PNG copy)> <./
validacao_v_calculado_h125.png (PNG copy)>]
<capacitor_V_h_125.png, id=69, 779.91376pt x 553.31718pt>
File: capacitor_V_h_125.png Graphic file (type png)
<use capacitor_V_h_125.png>
Package pdftex.def Info: capacitor_V_h_125.png  used on input line 417.
(pdftex.def)             Requested size: 364.00139pt x 258.24388pt.
<capacitor_2_V_h_125.png, id=71, 779.91376pt x 553.31718pt>
File: capacitor_2_V_h_125.png Graphic file (type png)
<use capacitor_2_V_h_125.png>
Package pdftex.def Info: capacitor_2_V_h_125.png  used on input line 425.
(pdftex.def)             Requested size: 364.00139pt x 258.24388pt.
 [7

 <./capacitor_V_h_125.png (PNG copy)>]
<capacitor_3_V_h_125.png, id=81, 779.91376pt x 553.31718pt>
File: capacitor_3_V_h_125.png Graphic file (type png)
<use capacitor_3_V_h_125.png>
Package pdftex.def Info: capacitor_3_V_h_125.png  used on input line 433.
(pdftex.def)             Requested size: 364.00139pt x 258.24388pt.
<procedimento.jpg, id=83, 963.6pt x 721.94719pt>
File: procedimento.jpg Graphic file (type jpg)
<use procedimento.jpg>
Package pdftex.def Info: procedimento.jpg  used on input line 441.
(pdftex.def)             Requested size: 227.5pt x 170.43974pt.
 [8 <./capacitor_2_V_h_125.png (PNG copy)> <./capacitor_3_V_h_125.png (PNG copy
)>]
[9 <./procedimento.jpg>]
<tensao no ponto2.png, id=99, 421.575pt x 316.18124pt>
File: tensao no ponto2.png Graphic file (type png)
<use tensao no ponto2.png>
Package pdftex.def Info: tensao no ponto2.png  used on input line 463.
(pdftex.def)             Requested size: 455.0pt x 341.25838pt.
 [10

 <./tensao no ponto2.png>]

LaTeX Warning: Reference `eq:derivadaComR' on page 11 undefined on input line 4
72.

<gradiente.png, id=109, 421.575pt x 316.18124pt>
File: gradiente.png Graphic file (type png)
<use gradiente.png>
Package pdftex.def Info: gradiente.png  used on input line 476.
(pdftex.def)             Requested size: 455.0pt x 341.25838pt.
[11 <./gradiente.png>]
<gradiente sobreposto.jpg, id=119, 963.6pt x 721.94719pt>
File: gradiente sobreposto.jpg Graphic file (type jpg)
<use gradiente sobreposto.jpg>
Package pdftex.def Info: gradiente sobreposto.jpg  used on input line 489.
(pdftex.def)             Requested size: 455.0pt x 340.89052pt.
 [12 <./gradiente sobreposto.jpg>]

AED: lastpage setting LastPage
[13

]
\tf@toc=\write5
\openout5 = `relatorio.toc'.

Package atveryend Info: Empty hook `BeforeClearDocument' on input line 543.
Package atveryend Info: Empty hook `AfterLastShipout' on input line 543.
 (./relatorio.aux)
Package atveryend Info: Executing hook `AtVeryEndDocument' on input line 543.
Package atveryend Info: Empty hook `AtEndAfterFileList' on input line 543.


LaTeX Warning: There were undefined references.


LaTeX Warning: There were multiply-defined labels.

Package atveryend Info: Empty hook `AtVeryVeryEnd' on input line 543.
 ) 
Here is how much of TeX's memory you used:
 16147 strings out of 492623
 243456 string characters out of 6135669
 416483 words of memory out of 5000000
 19708 multiletter control sequences out of 15000+600000
 56472 words of font info for 79 fonts, out of 8000000 for 9000
 1141 hyphenation exceptions out of 8191
 45i,12n,40p,433b,452s stack positions out of 5000i,500n,10000p,200000b,80000s
{/usr/share/texmf-dist/fonts/enc/dvips/lm/lm-ec.enc}{/usr/share/texmf-dist/fo
nts/enc/dvips/lm/lm-ts1.enc}{/usr/share/texmf-dist/fonts/enc/dvips/lm/lm-mathit
.enc}{/usr/share/texmf-dist/fonts/enc/dvips/lm/lm-rm.enc}{/usr/share/texmf-dist
/fonts/enc/dvips/lm/lm-mathsy.enc}</usr/share/texmf-dist/fonts/type1/public/lm/
lmbx12.pfb></usr/share/texmf-dist/fonts/type1/public/lm/lmcsc10.pfb></usr/share
/texmf-dist/fonts/type1/public/lm/lmmi12.pfb></usr/share/texmf-dist/fonts/type1
/public/lm/lmmi6.pfb></usr/share/texmf-dist/fonts/type1/public/lm/lmmi8.pfb></u
sr/share/texmf-dist/fonts/type1/public/lm/lmr10.pfb></usr/share/texmf-dist/font
s/type1/public/lm/lmr12.pfb></usr/share/texmf-dist/fonts/type1/public/lm/lmr17.
pfb></usr/share/texmf-dist/fonts/type1/public/lm/lmr6.pfb></usr/share/texmf-dis
t/fonts/type1/public/lm/lmr8.pfb></usr/share/texmf-dist/fonts/type1/public/lm/l
mri10.pfb></usr/share/texmf-dist/fonts/type1/public/lm/lmri12.pfb></usr/share/t
exmf-dist/fonts/type1/public/lm/lmss17.pfb></usr/share/texmf-dist/fonts/type1/p
ublic/lm/lmssbx10.pfb></usr/share/texmf-dist/fonts/type1/public/lm/lmsy10.pfb><
/usr/share/texmf-dist/fonts/type1/public/lm/lmsy8.pfb>
Output written on relatorio.pdf (13 pages, 1686238 bytes).
PDF statistics:
 222 PDF objects out of 1000 (max. 8388607)
 167 compressed objects within 2 object streams
 32 named destinations out of 1000 (max. 500000)
 21159 words of extra memory for PDF output out of 24883 (max. 10000000)

